android/build/outputs/logs/manifest-merger-debug-report.txt
-- Merging decision tree log ---
manifest
ADDED from src\main\AndroidManifest.xml:1:1-7:12
INJECTED from src\main\AndroidManifest.xml:1:1-7:12
INJECTED from src\main\AndroidManifest.xml:1:1-7:12
	package
		ADDED from src\main\AndroidManifest.xml:2:5-24
		INJECTED from src\main\AndroidManifest.xml
		INJECTED from src\main\AndroidManifest.xml
	xmlns:android
		ADDED from src\main\AndroidManifest.xml:1:11-69
uses-permission#android.permission.BLUETOOTH
ADDED from src\main\AndroidManifest.xml:3:2-65
	android:name
		ADDED from src\main\AndroidManifest.xml:3:19-62
uses-permission#android.permission.BLUETOOTH_ADMIN
ADDED from src\main\AndroidManifest.xml:4:2-71
	android:name
		ADDED from src\main\AndroidManifest.xml:4:19-68
uses-permission#android.permission.ACCESS_COARSE_LOCATION
ADDED from src\main\AndroidManifest.xml:5:2-78
	android:name
		ADDED from src\main\AndroidManifest.xml:5:19-75
uses-feature#android.hardware.bluetooth_le
ADDED from src\main\AndroidManifest.xml:6:2-86
	android:required
		ADDED from src\main\AndroidManifest.xml:6:61-84
	android:name
		ADDED from src\main\AndroidManifest.xml:6:16-60
uses-sdk
INJECTED from src\main\AndroidManifest.xml reason: use-sdk injection requested
INJECTED from src\main\AndroidManifest.xml
INJECTED from src\main\AndroidManifest.xml
	android:minSdkVersion
		INJECTED from src\main\AndroidManifest.xml
		ADDED from src\main\AndroidManifest.xml
		INJECTED from src\main\AndroidManifest.xml